<?xml version="1.0" encoding="UTF-8"?>
<testsuite xmlns:xsi="http://www.w3.org/2001/XMLSchema-instance" xsi:noNamespaceSchemaLocation="https://maven.apache.org/surefire/maven-surefire-plugin/xsd/surefire-test-report-3.0.xsd" version="3.0" name="org.example.springfrontend.SpringFrontendApplicationTests" time="3.539" tests="1" errors="0" skipped="0" failures="0">
  <properties>
    <property name="java.specification.version" value="23"/>
    <property name="sun.jnu.encoding" value="UTF-8"/>
    <property name="java.class.path" value="/Users/nraichura/Desktop/Ultimate Company/SpringFrontEnd/target/test-classes:/Users/nraichura/Desktop/Ultimate Company/SpringFrontEnd/target/classes:/Users/nraichura/.m2/repository/org/springframework/boot/spring-boot-starter-web/3.2.4/spring-boot-starter-web-3.2.4.jar:/Users/nraichura/.m2/repository/org/springframework/boot/spring-boot-starter/3.2.4/spring-boot-starter-3.2.4.jar:/Users/nraichura/.m2/repository/org/springframework/boot/spring-boot/3.2.4/spring-boot-3.2.4.jar:/Users/nraichura/.m2/repository/org/springframework/boot/spring-boot-autoconfigure/3.2.4/spring-boot-autoconfigure-3.2.4.jar:/Users/nraichura/.m2/repository/org/springframework/boot/spring-boot-starter-logging/3.2.4/spring-boot-starter-logging-3.2.4.jar:/Users/nraichura/.m2/repository/ch/qos/logback/logback-classic/1.4.14/logback-classic-1.4.14.jar:/Users/nraichura/.m2/repository/ch/qos/logback/logback-core/1.4.14/logback-core-1.4.14.jar:/Users/nraichura/.m2/repository/org/apache/logging/log4j/log4j-to-slf4j/2.21.1/log4j-to-slf4j-2.21.1.jar:/Users/nraichura/.m2/repository/org/slf4j/jul-to-slf4j/2.0.12/jul-to-slf4j-2.0.12.jar:/Users/nraichura/.m2/repository/jakarta/annotation/jakarta.annotation-api/2.1.1/jakarta.annotation-api-2.1.1.jar:/Users/nraichura/.m2/repository/org/yaml/snakeyaml/2.2/snakeyaml-2.2.jar:/Users/nraichura/.m2/repository/org/springframework/boot/spring-boot-starter-json/3.2.4/spring-boot-starter-json-3.2.4.jar:/Users/nraichura/.m2/repository/com/fasterxml/jackson/datatype/jackson-datatype-jdk8/2.15.3/jackson-datatype-jdk8-2.15.3.jar:/Users/nraichura/.m2/repository/com/fasterxml/jackson/module/jackson-module-parameter-names/2.15.3/jackson-module-parameter-names-2.15.3.jar:/Users/nraichura/.m2/repository/org/springframework/boot/spring-boot-starter-tomcat/3.2.4/spring-boot-starter-tomcat-3.2.4.jar:/Users/nraichura/.m2/repository/org/apache/tomcat/embed/tomcat-embed-core/10.1.19/tomcat-embed-core-10.1.19.jar:/Users/nraichura/.m2/repository/org/apache/tomcat/embed/tomcat-embed-el/10.1.19/tomcat-embed-el-10.1.19.jar:/Users/nraichura/.m2/repository/org/apache/tomcat/embed/tomcat-embed-websocket/10.1.19/tomcat-embed-websocket-10.1.19.jar:/Users/nraichura/.m2/repository/org/springframework/spring-web/6.1.2/spring-web-6.1.2.jar:/Users/nraichura/.m2/repository/org/springframework/spring-beans/6.1.2/spring-beans-6.1.2.jar:/Users/nraichura/.m2/repository/io/micrometer/micrometer-observation/1.12.1/micrometer-observation-1.12.1.jar:/Users/nraichura/.m2/repository/io/micrometer/micrometer-commons/1.12.1/micrometer-commons-1.12.1.jar:/Users/nraichura/.m2/repository/org/springframework/spring-webmvc/6.1.2/spring-webmvc-6.1.2.jar:/Users/nraichura/.m2/repository/org/springframework/spring-aop/6.1.2/spring-aop-6.1.2.jar:/Users/nraichura/.m2/repository/org/springframework/spring-context/6.1.2/spring-context-6.1.2.jar:/Users/nraichura/.m2/repository/org/springframework/spring-expression/6.1.2/spring-expression-6.1.2.jar:/Users/nraichura/.m2/repository/dev/hilla/hilla-react-spring-boot-starter/2.5.5/hilla-react-spring-boot-starter-2.5.5.jar:/Users/nraichura/.m2/repository/com/vaadin/vaadin-spring/24.3.2/vaadin-spring-24.3.2.jar:/Users/nraichura/.m2/repository/com/vaadin/flow-server/24.3.2/flow-server-24.3.2.jar:/Users/nraichura/.m2/repository/com/vaadin/servletdetector/throw-if-servlet3/1.0.2/throw-if-servlet3-1.0.2.jar:/Users/nraichura/.m2/repository/com/vaadin/external/gwt/gwt-elemental/2.8.2.vaadin2/gwt-elemental-2.8.2.vaadin2.jar:/Users/nraichura/.m2/repository/org/apache/commons/commons-fileupload2-jakarta/2.0.0-M1/commons-fileupload2-jakarta-2.0.0-M1.jar:/Users/nraichura/.m2/repository/org/apache/commons/commons-fileupload2-core/2.0.0-M1/commons-fileupload2-core-2.0.0-M1.jar:/Users/nraichura/.m2/repository/org/jsoup/jsoup/1.17.1/jsoup-1.17.1.jar:/Users/nraichura/.m2/repository/com/helger/ph-css/7.0.1/ph-css-7.0.1.jar:/Users/nraichura/.m2/repository/com/helger/commons/ph-commons/11.1.0/ph-commons-11.1.0.jar:/Users/nraichura/.m2/repository/org/ow2/asm/asm/9.6/asm-9.6.jar:/Users/nraichura/.m2/repository/com/vaadin/external/gentyref/1.2.0.vaadin1/gentyref-1.2.0.vaadin1.jar:/Users/nraichura/.m2/repository/org/apache/commons/commons-compress/1.25.0/commons-compress-1.25.0.jar:/Users/nraichura/.m2/repository/com/vaadin/flow-push/24.3.2/flow-push-24.3.2.jar:/Users/nraichura/.m2/repository/com/vaadin/external/atmosphere/atmosphere-runtime/3.0.3.slf4jvaadin2/atmosphere-runtime-3.0.3.slf4jvaadin2.jar:/Users/nraichura/.m2/repository/com/vaadin/flow-client/24.3.2/flow-client-24.3.2.jar:/Users/nraichura/.m2/repository/org/springframework/spring-websocket/6.1.2/spring-websocket-6.1.2.jar:/Users/nraichura/.m2/repository/org/hibernate/validator/hibernate-validator/8.0.1.Final/hibernate-validator-8.0.1.Final.jar:/Users/nraichura/.m2/repository/jakarta/validation/jakarta.validation-api/3.0.2/jakarta.validation-api-3.0.2.jar:/Users/nraichura/.m2/repository/org/jboss/logging/jboss-logging/3.5.3.Final/jboss-logging-3.5.3.Final.jar:/Users/nraichura/.m2/repository/com/fasterxml/classmate/1.6.0/classmate-1.6.0.jar:/Users/nraichura/.m2/repository/org/reflections/reflections/0.10.2/reflections-0.10.2.jar:/Users/nraichura/.m2/repository/dev/hilla/hilla-react/2.5.5/hilla-react-2.5.5.jar:/Users/nraichura/.m2/repository/dev/hilla/endpoint/2.5.5/endpoint-2.5.5.jar:/Users/nraichura/.m2/repository/dev/hilla/engine-core/2.5.5/engine-core-2.5.5.jar:/Users/nraichura/.m2/repository/dev/hilla/parser-jvm-core/2.5.5/parser-jvm-core-2.5.5.jar:/Users/nraichura/.m2/repository/io/github/classgraph/classgraph/4.8.165/classgraph-4.8.165.jar:/Users/nraichura/.m2/repository/com/fasterxml/jackson/dataformat/jackson-dataformat-yaml/2.15.3/jackson-dataformat-yaml-2.15.3.jar:/Users/nraichura/.m2/repository/dev/hilla/parser-jvm-plugin-backbone/2.5.5/parser-jvm-plugin-backbone-2.5.5.jar:/Users/nraichura/.m2/repository/dev/hilla/parser-jvm-plugin-nonnull/2.5.5/parser-jvm-plugin-nonnull-2.5.5.jar:/Users/nraichura/.m2/repository/dev/hilla/parser-jvm-plugin-subtypes/2.5.5/parser-jvm-plugin-subtypes-2.5.5.jar:/Users/nraichura/.m2/repository/dev/hilla/parser-jvm-plugin-model/2.5.5/parser-jvm-plugin-model-2.5.5.jar:/Users/nraichura/.m2/repository/dev/hilla/parser-jvm-plugin-transfertypes/2.5.5/parser-jvm-plugin-transfertypes-2.5.5.jar:/Users/nraichura/.m2/repository/org/springframework/data/spring-data-commons/3.2.1/spring-data-commons-3.2.1.jar:/Users/nraichura/.m2/repository/io/projectreactor/reactor-core/3.6.1/reactor-core-3.6.1.jar:/Users/nraichura/.m2/repository/org/reactivestreams/reactive-streams/1.0.4/reactive-streams-1.0.4.jar:/Users/nraichura/.m2/repository/org/springframework/security/spring-security-core/6.2.1/spring-security-core-6.2.1.jar:/Users/nraichura/.m2/repository/org/springframework/security/spring-security-crypto/6.2.1/spring-security-crypto-6.2.1.jar:/Users/nraichura/.m2/repository/com/github/javaparser/javaparser-symbol-solver-core/3.25.6/javaparser-symbol-solver-core-3.25.6.jar:/Users/nraichura/.m2/repository/com/github/javaparser/javaparser-core/3.25.6/javaparser-core-3.25.6.jar:/Users/nraichura/.m2/repository/org/javassist/javassist/3.29.2-GA/javassist-3.29.2-GA.jar:/Users/nraichura/.m2/repository/dev/hilla/parser-jvm-utils/2.5.5/parser-jvm-utils-2.5.5.jar:/Users/nraichura/.m2/repository/io/swagger/core/v3/swagger-core/2.2.19/swagger-core-2.2.19.jar:/Users/nraichura/.m2/repository/io/swagger/core/v3/swagger-annotations/2.2.19/swagger-annotations-2.2.19.jar:/Users/nraichura/.m2/repository/io/swagger/core/v3/swagger-models/2.2.19/swagger-models-2.2.19.jar:/Users/nraichura/.m2/repository/dev/hilla/runtime-plugin-transfertypes/2.5.5/runtime-plugin-transfertypes-2.5.5.jar:/Users/nraichura/.m2/repository/dev/hilla/engine-runtime/2.5.5/engine-runtime-2.5.5.jar:/Users/nraichura/.m2/repository/dev/hilla/hilla-dev/2.5.5/hilla-dev-2.5.5.jar:/Users/nraichura/.m2/repository/com/vaadin/vaadin-dev-server/24.3.2/vaadin-dev-server-24.3.2.jar:/Users/nraichura/.m2/repository/com/vaadin/license-checker/1.12.3/license-checker-1.12.3.jar:/Users/nraichura/.m2/repository/com/github/oshi/oshi-core/6.4.1/oshi-core-6.4.1.jar:/Users/nraichura/.m2/repository/net/java/dev/jna/jna/5.13.0/jna-5.13.0.jar:/Users/nraichura/.m2/repository/net/java/dev/jna/jna-platform/5.13.0/jna-platform-5.13.0.jar:/Users/nraichura/.m2/repository/org/lucee/jcip-annotations/1.0.0/jcip-annotations-1.0.0.jar:/Users/nraichura/.m2/repository/com/vaadin/open/8.5.0/open-8.5.0.jar:/Users/nraichura/.m2/repository/io/methvin/directory-watcher/0.18.0/directory-watcher-0.18.0.jar:/Users/nraichura/.m2/repository/dev/hilla/hilla-dev-mode/2.5.5/hilla-dev-mode-2.5.5.jar:/Users/nraichura/.m2/repository/com/vaadin/copilot/24.3.3/copilot-24.3.3.jar:/Users/nraichura/.m2/repository/org/projectlombok/lombok/1.18.30/lombok-1.18.30.jar:/Users/nraichura/.m2/repository/org/springframework/boot/spring-boot-starter-test/3.2.4/spring-boot-starter-test-3.2.4.jar:/Users/nraichura/.m2/repository/org/springframework/boot/spring-boot-test/3.2.4/spring-boot-test-3.2.4.jar:/Users/nraichura/.m2/repository/org/springframework/boot/spring-boot-test-autoconfigure/3.2.4/spring-boot-test-autoconfigure-3.2.4.jar:/Users/nraichura/.m2/repository/com/jayway/jsonpath/json-path/2.9.0/json-path-2.9.0.jar:/Users/nraichura/.m2/repository/org/slf4j/slf4j-api/2.0.12/slf4j-api-2.0.12.jar:/Users/nraichura/.m2/repository/jakarta/xml/bind/jakarta.xml.bind-api/4.0.2/jakarta.xml.bind-api-4.0.2.jar:/Users/nraichura/.m2/repository/jakarta/activation/jakarta.activation-api/2.1.3/jakarta.activation-api-2.1.3.jar:/Users/nraichura/.m2/repository/net/minidev/json-smart/2.5.0/json-smart-2.5.0.jar:/Users/nraichura/.m2/repository/net/minidev/accessors-smart/2.5.0/accessors-smart-2.5.0.jar:/Users/nraichura/.m2/repository/org/assertj/assertj-core/3.24.2/assertj-core-3.24.2.jar:/Users/nraichura/.m2/repository/net/bytebuddy/byte-buddy/1.14.12/byte-buddy-1.14.12.jar:/Users/nraichura/.m2/repository/org/awaitility/awaitility/4.2.0/awaitility-4.2.0.jar:/Users/nraichura/.m2/repository/org/hamcrest/hamcrest/2.2/hamcrest-2.2.jar:/Users/nraichura/.m2/repository/org/junit/jupiter/junit-jupiter/5.10.1/junit-jupiter-5.10.1.jar:/Users/nraichura/.m2/repository/org/junit/jupiter/junit-jupiter-api/5.10.1/junit-jupiter-api-5.10.1.jar:/Users/nraichura/.m2/repository/org/opentest4j/opentest4j/1.3.0/opentest4j-1.3.0.jar:/Users/nraichura/.m2/repository/org/junit/platform/junit-platform-commons/1.10.1/junit-platform-commons-1.10.1.jar:/Users/nraichura/.m2/repository/org/apiguardian/apiguardian-api/1.1.2/apiguardian-api-1.1.2.jar:/Users/nraichura/.m2/repository/org/junit/jupiter/junit-jupiter-params/5.10.1/junit-jupiter-params-5.10.1.jar:/Users/nraichura/.m2/repository/org/junit/jupiter/junit-jupiter-engine/5.10.1/junit-jupiter-engine-5.10.1.jar:/Users/nraichura/.m2/repository/org/junit/platform/junit-platform-engine/1.10.1/junit-platform-engine-1.10.1.jar:/Users/nraichura/.m2/repository/org/mockito/mockito-core/4.5.0/mockito-core-4.5.0.jar:/Users/nraichura/.m2/repository/net/bytebuddy/byte-buddy-agent/1.14.12/byte-buddy-agent-1.14.12.jar:/Users/nraichura/.m2/repository/org/objenesis/objenesis/3.2/objenesis-3.2.jar:/Users/nraichura/.m2/repository/org/mockito/mockito-junit-jupiter/5.7.0/mockito-junit-jupiter-5.7.0.jar:/Users/nraichura/.m2/repository/org/skyscreamer/jsonassert/1.5.1/jsonassert-1.5.1.jar:/Users/nraichura/.m2/repository/com/vaadin/external/google/android-json/0.0.20131108.vaadin1/android-json-0.0.20131108.vaadin1.jar:/Users/nraichura/.m2/repository/org/springframework/spring-core/6.1.2/spring-core-6.1.2.jar:/Users/nraichura/.m2/repository/org/springframework/spring-jcl/6.1.2/spring-jcl-6.1.2.jar:/Users/nraichura/.m2/repository/org/springframework/spring-test/6.1.2/spring-test-6.1.2.jar:/Users/nraichura/.m2/repository/org/xmlunit/xmlunit-core/2.9.1/xmlunit-core-2.9.1.jar:/Users/nraichura/.m2/repository/org/example/SpringModels/1.0-SNAPSHOT/SpringModels-1.0-SNAPSHOT.jar:/Users/nraichura/.m2/repository/org/xhtmlrenderer/flying-saucer-pdf-itext5/9.1.22/flying-saucer-pdf-itext5-9.1.22.jar:/Users/nraichura/.m2/repository/com/itextpdf/itextpdf/5.5.12/itextpdf-5.5.12.jar:/Users/nraichura/.m2/repository/org/xhtmlrenderer/flying-saucer-core/9.1.22/flying-saucer-core-9.1.22.jar:/Users/nraichura/.m2/repository/com/sendgrid/sendgrid-java/4.9.3/sendgrid-java-4.9.3.jar:/Users/nraichura/.m2/repository/com/sendgrid/java-http-client/4.5.0/java-http-client-4.5.0.jar:/Users/nraichura/.m2/repository/org/apache/httpcomponents/httpcore/4.4.16/httpcore-4.4.16.jar:/Users/nraichura/.m2/repository/org/apache/httpcomponents/httpclient/4.5.13/httpclient-4.5.13.jar:/Users/nraichura/.m2/repository/commons-logging/commons-logging/1.2/commons-logging-1.2.jar:/Users/nraichura/.m2/repository/com/fasterxml/jackson/core/jackson-core/2.15.3/jackson-core-2.15.3.jar:/Users/nraichura/.m2/repository/org/bouncycastle/bcprov-jdk15on/1.70/bcprov-jdk15on-1.70.jar:/Users/nraichura/.m2/repository/com/fasterxml/jackson/core/jackson-databind/2.15.3/jackson-databind-2.15.3.jar:/Users/nraichura/.m2/repository/org/mindrot/jbcrypt/0.4/jbcrypt-0.4.jar:/Users/nraichura/.m2/repository/org/apache/poi/poi/5.2.5/poi-5.2.5.jar:/Users/nraichura/.m2/repository/commons-codec/commons-codec/1.16.1/commons-codec-1.16.1.jar:/Users/nraichura/.m2/repository/org/apache/commons/commons-collections4/4.4/commons-collections4-4.4.jar:/Users/nraichura/.m2/repository/org/apache/commons/commons-math3/3.6.1/commons-math3-3.6.1.jar:/Users/nraichura/.m2/repository/commons-io/commons-io/2.13.0/commons-io-2.13.0.jar:/Users/nraichura/.m2/repository/com/zaxxer/SparseBitSet/1.3/SparseBitSet-1.3.jar:/Users/nraichura/.m2/repository/org/apache/logging/log4j/log4j-api/2.21.1/log4j-api-2.21.1.jar:/Users/nraichura/.m2/repository/com/nimbusds/nimbus-jose-jwt/9.37.2/nimbus-jose-jwt-9.37.2.jar:/Users/nraichura/.m2/repository/com/github/stephenc/jcip/jcip-annotations/1.0-1/jcip-annotations-1.0-1.jar:/Users/nraichura/.m2/repository/com/squareup/okhttp3/okhttp/4.12.0/okhttp-4.12.0.jar:/Users/nraichura/.m2/repository/com/squareup/okio/okio/3.6.0/okio-3.6.0.jar:/Users/nraichura/.m2/repository/com/squareup/okio/okio-jvm/3.6.0/okio-jvm-3.6.0.jar:/Users/nraichura/.m2/repository/org/jetbrains/kotlin/kotlin-stdlib-common/1.9.21/kotlin-stdlib-common-1.9.21.jar:/Users/nraichura/.m2/repository/org/jetbrains/kotlin/kotlin-stdlib-jdk8/1.9.21/kotlin-stdlib-jdk8-1.9.21.jar:/Users/nraichura/.m2/repository/org/jetbrains/kotlin/kotlin-stdlib/1.9.21/kotlin-stdlib-1.9.21.jar:/Users/nraichura/.m2/repository/org/jetbrains/annotations/13.0/annotations-13.0.jar:/Users/nraichura/.m2/repository/org/jetbrains/kotlin/kotlin-stdlib-jdk7/1.9.21/kotlin-stdlib-jdk7-1.9.21.jar:/Users/nraichura/.m2/repository/com/fasterxml/jackson/datatype/jackson-datatype-jsr310/2.15.3/jackson-datatype-jsr310-2.15.3.jar:/Users/nraichura/.m2/repository/com/fasterxml/jackson/core/jackson-annotations/2.15.3/jackson-annotations-2.15.3.jar:/Users/nraichura/.m2/repository/org/freemarker/freemarker/2.3.32/freemarker-2.3.32.jar:/Users/nraichura/.m2/repository/org/apache/commons/commons-lang3/3.13.0/commons-lang3-3.13.0.jar:/Users/nraichura/.m2/repository/com/google/firebase/firebase-admin/9.3.0/firebase-admin-9.3.0.jar:/Users/nraichura/.m2/repository/com/google/api-client/google-api-client/2.4.0/google-api-client-2.4.0.jar:/Users/nraichura/.m2/repository/com/google/oauth-client/google-oauth-client/1.35.0/google-oauth-client-1.35.0.jar:/Users/nraichura/.m2/repository/com/google/http-client/google-http-client-apache-v2/1.44.1/google-http-client-apache-v2-1.44.1.jar:/Users/nraichura/.m2/repository/com/google/api-client/google-api-client-gson/2.4.0/google-api-client-gson-2.4.0.jar:/Users/nraichura/.m2/repository/com/google/http-client/google-http-client/1.44.1/google-http-client-1.44.1.jar:/Users/nraichura/.m2/repository/com/google/j2objc/j2objc-annotations/2.8/j2objc-annotations-2.8.jar:/Users/nraichura/.m2/repository/io/grpc/grpc-context/1.60.1/grpc-context-1.60.1.jar:/Users/nraichura/.m2/repository/io/opencensus/opencensus-api/0.31.1/opencensus-api-0.31.1.jar:/Users/nraichura/.m2/repository/io/opencensus/opencensus-contrib-http-util/0.31.1/opencensus-contrib-http-util-0.31.1.jar:/Users/nraichura/.m2/repository/com/google/api/api-common/2.31.0/api-common-2.31.0.jar:/Users/nraichura/.m2/repository/javax/annotation/javax.annotation-api/1.3.2/javax.annotation-api-1.3.2.jar:/Users/nraichura/.m2/repository/com/google/cloud/google-cloud-storage/2.38.0/google-cloud-storage-2.38.0.jar:/Users/nraichura/.m2/repository/com/google/guava/failureaccess/1.0.2/failureaccess-1.0.2.jar:/Users/nraichura/.m2/repository/com/google/guava/listenablefuture/9999.0-empty-to-avoid-conflict-with-guava/listenablefuture-9999.0-empty-to-avoid-conflict-with-guava.jar:/Users/nraichura/.m2/repository/com/google/http-client/google-http-client-jackson2/1.44.1/google-http-client-jackson2-1.44.1.jar:/Users/nraichura/.m2/repository/com/google/apis/google-api-services-storage/v1-rev20240319-2.0.0/google-api-services-storage-v1-rev20240319-2.0.0.jar:/Users/nraichura/.m2/repository/com/google/code/gson/gson/2.10.1/gson-2.10.1.jar:/Users/nraichura/.m2/repository/com/google/cloud/google-cloud-core/2.38.0/google-cloud-core-2.38.0.jar:/Users/nraichura/.m2/repository/com/google/cloud/google-cloud-core-http/2.38.0/google-cloud-core-http-2.38.0.jar:/Users/nraichura/.m2/repository/com/google/http-client/google-http-client-appengine/1.44.1/google-http-client-appengine-1.44.1.jar:/Users/nraichura/.m2/repository/com/google/api/gax-httpjson/2.48.0/gax-httpjson-2.48.0.jar:/Users/nraichura/.m2/repository/com/google/cloud/google-cloud-core-grpc/2.38.0/google-cloud-core-grpc-2.38.0.jar:/Users/nraichura/.m2/repository/com/google/api/gax/2.48.0/gax-2.48.0.jar:/Users/nraichura/.m2/repository/com/google/api/gax-grpc/2.48.0/gax-grpc-2.48.0.jar:/Users/nraichura/.m2/repository/io/grpc/grpc-inprocess/1.62.2/grpc-inprocess-1.62.2.jar:/Users/nraichura/.m2/repository/io/grpc/grpc-alts/1.62.2/grpc-alts-1.62.2.jar:/Users/nraichura/.m2/repository/io/grpc/grpc-grpclb/1.62.2/grpc-grpclb-1.62.2.jar:/Users/nraichura/.m2/repository/org/conscrypt/conscrypt-openjdk-uber/2.5.2/conscrypt-openjdk-uber-2.5.2.jar:/Users/nraichura/.m2/repository/io/grpc/grpc-auth/1.62.2/grpc-auth-1.62.2.jar:/Users/nraichura/.m2/repository/com/google/api/grpc/proto-google-iam-v1/1.34.0/proto-google-iam-v1-1.34.0.jar:/Users/nraichura/.m2/repository/com/google/protobuf/protobuf-java/3.25.3/protobuf-java-3.25.3.jar:/Users/nraichura/.m2/repository/com/google/protobuf/protobuf-java-util/3.25.3/protobuf-java-util-3.25.3.jar:/Users/nraichura/.m2/repository/io/grpc/grpc-core/1.62.2/grpc-core-1.62.2.jar:/Users/nraichura/.m2/repository/com/google/android/annotations/4.1.1.4/annotations-4.1.1.4.jar:/Users/nraichura/.m2/repository/org/codehaus/mojo/animal-sniffer-annotations/1.23/animal-sniffer-annotations-1.23.jar:/Users/nraichura/.m2/repository/io/perfmark/perfmark-api/0.27.0/perfmark-api-0.27.0.jar:/Users/nraichura/.m2/repository/io/grpc/grpc-protobuf/1.62.2/grpc-protobuf-1.62.2.jar:/Users/nraichura/.m2/repository/io/grpc/grpc-protobuf-lite/1.62.2/grpc-protobuf-lite-1.62.2.jar:/Users/nraichura/.m2/repository/com/google/api/grpc/proto-google-common-protos/2.39.0/proto-google-common-protos-2.39.0.jar:/Users/nraichura/.m2/repository/org/threeten/threetenbp/1.6.9/threetenbp-1.6.9.jar:/Users/nraichura/.m2/repository/com/google/api/grpc/proto-google-cloud-storage-v2/2.38.0-alpha/proto-google-cloud-storage-v2-2.38.0-alpha.jar:/Users/nraichura/.m2/repository/com/google/api/grpc/grpc-google-cloud-storage-v2/2.38.0-alpha/grpc-google-cloud-storage-v2-2.38.0-alpha.jar:/Users/nraichura/.m2/repository/com/google/api/grpc/gapic-google-cloud-storage-v2/2.38.0-alpha/gapic-google-cloud-storage-v2-2.38.0-alpha.jar:/Users/nraichura/.m2/repository/io/grpc/grpc-api/1.62.2/grpc-api-1.62.2.jar:/Users/nraichura/.m2/repository/io/grpc/grpc-netty-shaded/1.62.2/grpc-netty-shaded-1.62.2.jar:/Users/nraichura/.m2/repository/io/grpc/grpc-util/1.62.2/grpc-util-1.62.2.jar:/Users/nraichura/.m2/repository/io/grpc/grpc-stub/1.62.2/grpc-stub-1.62.2.jar:/Users/nraichura/.m2/repository/io/grpc/grpc-googleapis/1.62.2/grpc-googleapis-1.62.2.jar:/Users/nraichura/.m2/repository/org/checkerframework/checker-qual/3.42.0/checker-qual-3.42.0.jar:/Users/nraichura/.m2/repository/io/grpc/grpc-xds/1.62.2/grpc-xds-1.62.2.jar:/Users/nraichura/.m2/repository/io/opencensus/opencensus-proto/0.2.0/opencensus-proto-0.2.0.jar:/Users/nraichura/.m2/repository/io/grpc/grpc-services/1.62.2/grpc-services-1.62.2.jar:/Users/nraichura/.m2/repository/com/google/re2j/re2j/1.7/re2j-1.7.jar:/Users/nraichura/.m2/repository/io/grpc/grpc-rls/1.62.2/grpc-rls-1.62.2.jar:/Users/nraichura/.m2/repository/com/google/cloud/google-cloud-firestore/3.21.1/google-cloud-firestore-3.21.1.jar:/Users/nraichura/.m2/repository/com/google/api/grpc/proto-google-cloud-firestore-v1/3.21.1/proto-google-cloud-firestore-v1-3.21.1.jar:/Users/nraichura/.m2/repository/com/google/cloud/proto-google-cloud-firestore-bundle-v1/3.21.1/proto-google-cloud-firestore-bundle-v1-3.21.1.jar:/Users/nraichura/.m2/repository/io/opencensus/opencensus-contrib-grpc-util/0.31.1/opencensus-contrib-grpc-util-0.31.1.jar:/Users/nraichura/.m2/repository/com/google/guava/guava/33.1.0-jre/guava-33.1.0-jre.jar:/Users/nraichura/.m2/repository/io/netty/netty-codec-http/4.1.104.Final/netty-codec-http-4.1.104.Final.jar:/Users/nraichura/.m2/repository/io/netty/netty-common/4.1.104.Final/netty-common-4.1.104.Final.jar:/Users/nraichura/.m2/repository/io/netty/netty-buffer/4.1.104.Final/netty-buffer-4.1.104.Final.jar:/Users/nraichura/.m2/repository/io/netty/netty-codec/4.1.104.Final/netty-codec-4.1.104.Final.jar:/Users/nraichura/.m2/repository/io/netty/netty-handler/4.1.104.Final/netty-handler-4.1.104.Final.jar:/Users/nraichura/.m2/repository/io/netty/netty-resolver/4.1.104.Final/netty-resolver-4.1.104.Final.jar:/Users/nraichura/.m2/repository/io/netty/netty-transport-native-unix-common/4.1.104.Final/netty-transport-native-unix-common-4.1.104.Final.jar:/Users/nraichura/.m2/repository/io/netty/netty-transport/4.1.104.Final/netty-transport-4.1.104.Final.jar:/Users/nraichura/.m2/repository/com/google/auth/google-auth-library-oauth2-http/1.25.0/google-auth-library-oauth2-http-1.25.0.jar:/Users/nraichura/.m2/repository/com/google/auto/value/auto-value-annotations/1.11.0/auto-value-annotations-1.11.0.jar:/Users/nraichura/.m2/repository/com/google/code/findbugs/jsr305/3.0.2/jsr305-3.0.2.jar:/Users/nraichura/.m2/repository/com/google/auth/google-auth-library-credentials/1.25.0/google-auth-library-credentials-1.25.0.jar:/Users/nraichura/.m2/repository/com/google/http-client/google-http-client-gson/1.45.0/google-http-client-gson-1.45.0.jar:/Users/nraichura/.m2/repository/com/google/errorprone/error_prone_annotations/2.31.0/error_prone_annotations-2.31.0.jar:"/>
    <property name="java.vm.vendor" value="Homebrew"/>
    <property name="sun.arch.data.model" value="64"/>
    <property name="spring.devtools.livereload.port" value="35729"/>
    <property name="java.vendor.url" value="https://github.com/Homebrew/homebrew-core/issues"/>
    <property name="user.timezone" value="America/New_York"/>
    <property name="org.jboss.logging.provider" value="slf4j"/>
    <property name="os.name" value="Mac OS X"/>
    <property name="java.vm.specification.version" value="23"/>
    <property name="sun.java.launcher" value="SUN_STANDARD"/>
    <property name="user.country" value="US"/>
    <property name="sun.boot.library.path" value="/usr/local/Cellar/openjdk/23/libexec/openjdk.jdk/Contents/Home/lib"/>
    <property name="sun.java.command" value="/Users/nraichura/Desktop/Ultimate Company/SpringFrontEnd/target/surefire/surefirebooter-20241018174732337_3.jar /Users/nraichura/Desktop/Ultimate Company/SpringFrontEnd/target/surefire 2024-10-18T17-47-32_193-jvmRun1 surefire-20241018174732337_1tmp surefire_0-20241018174732337_2tmp"/>
    <property name="jdk.debug" value="release"/>
    <property name="surefire.test.class.path" value="/Users/nraichura/Desktop/Ultimate Company/SpringFrontEnd/target/test-classes:/Users/nraichura/Desktop/Ultimate Company/SpringFrontEnd/target/classes:/Users/nraichura/.m2/repository/org/springframework/boot/spring-boot-starter-web/3.2.4/spring-boot-starter-web-3.2.4.jar:/Users/nraichura/.m2/repository/org/springframework/boot/spring-boot-starter/3.2.4/spring-boot-starter-3.2.4.jar:/Users/nraichura/.m2/repository/org/springframework/boot/spring-boot/3.2.4/spring-boot-3.2.4.jar:/Users/nraichura/.m2/repository/org/springframework/boot/spring-boot-autoconfigure/3.2.4/spring-boot-autoconfigure-3.2.4.jar:/Users/nraichura/.m2/repository/org/springframework/boot/spring-boot-starter-logging/3.2.4/spring-boot-starter-logging-3.2.4.jar:/Users/nraichura/.m2/repository/ch/qos/logback/logback-classic/1.4.14/logback-classic-1.4.14.jar:/Users/nraichura/.m2/repository/ch/qos/logback/logback-core/1.4.14/logback-core-1.4.14.jar:/Users/nraichura/.m2/repository/org/apache/logging/log4j/log4j-to-slf4j/2.21.1/log4j-to-slf4j-2.21.1.jar:/Users/nraichura/.m2/repository/org/slf4j/jul-to-slf4j/2.0.12/jul-to-slf4j-2.0.12.jar:/Users/nraichura/.m2/repository/jakarta/annotation/jakarta.annotation-api/2.1.1/jakarta.annotation-api-2.1.1.jar:/Users/nraichura/.m2/repository/org/yaml/snakeyaml/2.2/snakeyaml-2.2.jar:/Users/nraichura/.m2/repository/org/springframework/boot/spring-boot-starter-json/3.2.4/spring-boot-starter-json-3.2.4.jar:/Users/nraichura/.m2/repository/com/fasterxml/jackson/datatype/jackson-datatype-jdk8/2.15.3/jackson-datatype-jdk8-2.15.3.jar:/Users/nraichura/.m2/repository/com/fasterxml/jackson/module/jackson-module-parameter-names/2.15.3/jackson-module-parameter-names-2.15.3.jar:/Users/nraichura/.m2/repository/org/springframework/boot/spring-boot-starter-tomcat/3.2.4/spring-boot-starter-tomcat-3.2.4.jar:/Users/nraichura/.m2/repository/org/apache/tomcat/embed/tomcat-embed-core/10.1.19/tomcat-embed-core-10.1.19.jar:/Users/nraichura/.m2/repository/org/apache/tomcat/embed/tomcat-embed-el/10.1.19/tomcat-embed-el-10.1.19.jar:/Users/nraichura/.m2/repository/org/apache/tomcat/embed/tomcat-embed-websocket/10.1.19/tomcat-embed-websocket-10.1.19.jar:/Users/nraichura/.m2/repository/org/springframework/spring-web/6.1.2/spring-web-6.1.2.jar:/Users/nraichura/.m2/repository/org/springframework/spring-beans/6.1.2/spring-beans-6.1.2.jar:/Users/nraichura/.m2/repository/io/micrometer/micrometer-observation/1.12.1/micrometer-observation-1.12.1.jar:/Users/nraichura/.m2/repository/io/micrometer/micrometer-commons/1.12.1/micrometer-commons-1.12.1.jar:/Users/nraichura/.m2/repository/org/springframework/spring-webmvc/6.1.2/spring-webmvc-6.1.2.jar:/Users/nraichura/.m2/repository/org/springframework/spring-aop/6.1.2/spring-aop-6.1.2.jar:/Users/nraichura/.m2/repository/org/springframework/spring-context/6.1.2/spring-context-6.1.2.jar:/Users/nraichura/.m2/repository/org/springframework/spring-expression/6.1.2/spring-expression-6.1.2.jar:/Users/nraichura/.m2/repository/dev/hilla/hilla-react-spring-boot-starter/2.5.5/hilla-react-spring-boot-starter-2.5.5.jar:/Users/nraichura/.m2/repository/com/vaadin/vaadin-spring/24.3.2/vaadin-spring-24.3.2.jar:/Users/nraichura/.m2/repository/com/vaadin/flow-server/24.3.2/flow-server-24.3.2.jar:/Users/nraichura/.m2/repository/com/vaadin/servletdetector/throw-if-servlet3/1.0.2/throw-if-servlet3-1.0.2.jar:/Users/nraichura/.m2/repository/com/vaadin/external/gwt/gwt-elemental/2.8.2.vaadin2/gwt-elemental-2.8.2.vaadin2.jar:/Users/nraichura/.m2/repository/org/apache/commons/commons-fileupload2-jakarta/2.0.0-M1/commons-fileupload2-jakarta-2.0.0-M1.jar:/Users/nraichura/.m2/repository/org/apache/commons/commons-fileupload2-core/2.0.0-M1/commons-fileupload2-core-2.0.0-M1.jar:/Users/nraichura/.m2/repository/org/jsoup/jsoup/1.17.1/jsoup-1.17.1.jar:/Users/nraichura/.m2/repository/com/helger/ph-css/7.0.1/ph-css-7.0.1.jar:/Users/nraichura/.m2/repository/com/helger/commons/ph-commons/11.1.0/ph-commons-11.1.0.jar:/Users/nraichura/.m2/repository/org/ow2/asm/asm/9.6/asm-9.6.jar:/Users/nraichura/.m2/repository/com/vaadin/external/gentyref/1.2.0.vaadin1/gentyref-1.2.0.vaadin1.jar:/Users/nraichura/.m2/repository/org/apache/commons/commons-compress/1.25.0/commons-compress-1.25.0.jar:/Users/nraichura/.m2/repository/com/vaadin/flow-push/24.3.2/flow-push-24.3.2.jar:/Users/nraichura/.m2/repository/com/vaadin/external/atmosphere/atmosphere-runtime/3.0.3.slf4jvaadin2/atmosphere-runtime-3.0.3.slf4jvaadin2.jar:/Users/nraichura/.m2/repository/com/vaadin/flow-client/24.3.2/flow-client-24.3.2.jar:/Users/nraichura/.m2/repository/org/springframework/spring-websocket/6.1.2/spring-websocket-6.1.2.jar:/Users/nraichura/.m2/repository/org/hibernate/validator/hibernate-validator/8.0.1.Final/hibernate-validator-8.0.1.Final.jar:/Users/nraichura/.m2/repository/jakarta/validation/jakarta.validation-api/3.0.2/jakarta.validation-api-3.0.2.jar:/Users/nraichura/.m2/repository/org/jboss/logging/jboss-logging/3.5.3.Final/jboss-logging-3.5.3.Final.jar:/Users/nraichura/.m2/repository/com/fasterxml/classmate/1.6.0/classmate-1.6.0.jar:/Users/nraichura/.m2/repository/org/reflections/reflections/0.10.2/reflections-0.10.2.jar:/Users/nraichura/.m2/repository/dev/hilla/hilla-react/2.5.5/hilla-react-2.5.5.jar:/Users/nraichura/.m2/repository/dev/hilla/endpoint/2.5.5/endpoint-2.5.5.jar:/Users/nraichura/.m2/repository/dev/hilla/engine-core/2.5.5/engine-core-2.5.5.jar:/Users/nraichura/.m2/repository/dev/hilla/parser-jvm-core/2.5.5/parser-jvm-core-2.5.5.jar:/Users/nraichura/.m2/repository/io/github/classgraph/classgraph/4.8.165/classgraph-4.8.165.jar:/Users/nraichura/.m2/repository/com/fasterxml/jackson/dataformat/jackson-dataformat-yaml/2.15.3/jackson-dataformat-yaml-2.15.3.jar:/Users/nraichura/.m2/repository/dev/hilla/parser-jvm-plugin-backbone/2.5.5/parser-jvm-plugin-backbone-2.5.5.jar:/Users/nraichura/.m2/repository/dev/hilla/parser-jvm-plugin-nonnull/2.5.5/parser-jvm-plugin-nonnull-2.5.5.jar:/Users/nraichura/.m2/repository/dev/hilla/parser-jvm-plugin-subtypes/2.5.5/parser-jvm-plugin-subtypes-2.5.5.jar:/Users/nraichura/.m2/repository/dev/hilla/parser-jvm-plugin-model/2.5.5/parser-jvm-plugin-model-2.5.5.jar:/Users/nraichura/.m2/repository/dev/hilla/parser-jvm-plugin-transfertypes/2.5.5/parser-jvm-plugin-transfertypes-2.5.5.jar:/Users/nraichura/.m2/repository/org/springframework/data/spring-data-commons/3.2.1/spring-data-commons-3.2.1.jar:/Users/nraichura/.m2/repository/io/projectreactor/reactor-core/3.6.1/reactor-core-3.6.1.jar:/Users/nraichura/.m2/repository/org/reactivestreams/reactive-streams/1.0.4/reactive-streams-1.0.4.jar:/Users/nraichura/.m2/repository/org/springframework/security/spring-security-core/6.2.1/spring-security-core-6.2.1.jar:/Users/nraichura/.m2/repository/org/springframework/security/spring-security-crypto/6.2.1/spring-security-crypto-6.2.1.jar:/Users/nraichura/.m2/repository/com/github/javaparser/javaparser-symbol-solver-core/3.25.6/javaparser-symbol-solver-core-3.25.6.jar:/Users/nraichura/.m2/repository/com/github/javaparser/javaparser-core/3.25.6/javaparser-core-3.25.6.jar:/Users/nraichura/.m2/repository/org/javassist/javassist/3.29.2-GA/javassist-3.29.2-GA.jar:/Users/nraichura/.m2/repository/dev/hilla/parser-jvm-utils/2.5.5/parser-jvm-utils-2.5.5.jar:/Users/nraichura/.m2/repository/io/swagger/core/v3/swagger-core/2.2.19/swagger-core-2.2.19.jar:/Users/nraichura/.m2/repository/io/swagger/core/v3/swagger-annotations/2.2.19/swagger-annotations-2.2.19.jar:/Users/nraichura/.m2/repository/io/swagger/core/v3/swagger-models/2.2.19/swagger-models-2.2.19.jar:/Users/nraichura/.m2/repository/dev/hilla/runtime-plugin-transfertypes/2.5.5/runtime-plugin-transfertypes-2.5.5.jar:/Users/nraichura/.m2/repository/dev/hilla/engine-runtime/2.5.5/engine-runtime-2.5.5.jar:/Users/nraichura/.m2/repository/dev/hilla/hilla-dev/2.5.5/hilla-dev-2.5.5.jar:/Users/nraichura/.m2/repository/com/vaadin/vaadin-dev-server/24.3.2/vaadin-dev-server-24.3.2.jar:/Users/nraichura/.m2/repository/com/vaadin/license-checker/1.12.3/license-checker-1.12.3.jar:/Users/nraichura/.m2/repository/com/github/oshi/oshi-core/6.4.1/oshi-core-6.4.1.jar:/Users/nraichura/.m2/repository/net/java/dev/jna/jna/5.13.0/jna-5.13.0.jar:/Users/nraichura/.m2/repository/net/java/dev/jna/jna-platform/5.13.0/jna-platform-5.13.0.jar:/Users/nraichura/.m2/repository/org/lucee/jcip-annotations/1.0.0/jcip-annotations-1.0.0.jar:/Users/nraichura/.m2/repository/com/vaadin/open/8.5.0/open-8.5.0.jar:/Users/nraichura/.m2/repository/io/methvin/directory-watcher/0.18.0/directory-watcher-0.18.0.jar:/Users/nraichura/.m2/repository/dev/hilla/hilla-dev-mode/2.5.5/hilla-dev-mode-2.5.5.jar:/Users/nraichura/.m2/repository/com/vaadin/copilot/24.3.3/copilot-24.3.3.jar:/Users/nraichura/.m2/repository/org/projectlombok/lombok/1.18.30/lombok-1.18.30.jar:/Users/nraichura/.m2/repository/org/springframework/boot/spring-boot-starter-test/3.2.4/spring-boot-starter-test-3.2.4.jar:/Users/nraichura/.m2/repository/org/springframework/boot/spring-boot-test/3.2.4/spring-boot-test-3.2.4.jar:/Users/nraichura/.m2/repository/org/springframework/boot/spring-boot-test-autoconfigure/3.2.4/spring-boot-test-autoconfigure-3.2.4.jar:/Users/nraichura/.m2/repository/com/jayway/jsonpath/json-path/2.9.0/json-path-2.9.0.jar:/Users/nraichura/.m2/repository/org/slf4j/slf4j-api/2.0.12/slf4j-api-2.0.12.jar:/Users/nraichura/.m2/repository/jakarta/xml/bind/jakarta.xml.bind-api/4.0.2/jakarta.xml.bind-api-4.0.2.jar:/Users/nraichura/.m2/repository/jakarta/activation/jakarta.activation-api/2.1.3/jakarta.activation-api-2.1.3.jar:/Users/nraichura/.m2/repository/net/minidev/json-smart/2.5.0/json-smart-2.5.0.jar:/Users/nraichura/.m2/repository/net/minidev/accessors-smart/2.5.0/accessors-smart-2.5.0.jar:/Users/nraichura/.m2/repository/org/assertj/assertj-core/3.24.2/assertj-core-3.24.2.jar:/Users/nraichura/.m2/repository/net/bytebuddy/byte-buddy/1.14.12/byte-buddy-1.14.12.jar:/Users/nraichura/.m2/repository/org/awaitility/awaitility/4.2.0/awaitility-4.2.0.jar:/Users/nraichura/.m2/repository/org/hamcrest/hamcrest/2.2/hamcrest-2.2.jar:/Users/nraichura/.m2/repository/org/junit/jupiter/junit-jupiter/5.10.1/junit-jupiter-5.10.1.jar:/Users/nraichura/.m2/repository/org/junit/jupiter/junit-jupiter-api/5.10.1/junit-jupiter-api-5.10.1.jar:/Users/nraichura/.m2/repository/org/opentest4j/opentest4j/1.3.0/opentest4j-1.3.0.jar:/Users/nraichura/.m2/repository/org/junit/platform/junit-platform-commons/1.10.1/junit-platform-commons-1.10.1.jar:/Users/nraichura/.m2/repository/org/apiguardian/apiguardian-api/1.1.2/apiguardian-api-1.1.2.jar:/Users/nraichura/.m2/repository/org/junit/jupiter/junit-jupiter-params/5.10.1/junit-jupiter-params-5.10.1.jar:/Users/nraichura/.m2/repository/org/junit/jupiter/junit-jupiter-engine/5.10.1/junit-jupiter-engine-5.10.1.jar:/Users/nraichura/.m2/repository/org/junit/platform/junit-platform-engine/1.10.1/junit-platform-engine-1.10.1.jar:/Users/nraichura/.m2/repository/org/mockito/mockito-core/4.5.0/mockito-core-4.5.0.jar:/Users/nraichura/.m2/repository/net/bytebuddy/byte-buddy-agent/1.14.12/byte-buddy-agent-1.14.12.jar:/Users/nraichura/.m2/repository/org/objenesis/objenesis/3.2/objenesis-3.2.jar:/Users/nraichura/.m2/repository/org/mockito/mockito-junit-jupiter/5.7.0/mockito-junit-jupiter-5.7.0.jar:/Users/nraichura/.m2/repository/org/skyscreamer/jsonassert/1.5.1/jsonassert-1.5.1.jar:/Users/nraichura/.m2/repository/com/vaadin/external/google/android-json/0.0.20131108.vaadin1/android-json-0.0.20131108.vaadin1.jar:/Users/nraichura/.m2/repository/org/springframework/spring-core/6.1.2/spring-core-6.1.2.jar:/Users/nraichura/.m2/repository/org/springframework/spring-jcl/6.1.2/spring-jcl-6.1.2.jar:/Users/nraichura/.m2/repository/org/springframework/spring-test/6.1.2/spring-test-6.1.2.jar:/Users/nraichura/.m2/repository/org/xmlunit/xmlunit-core/2.9.1/xmlunit-core-2.9.1.jar:/Users/nraichura/.m2/repository/org/example/SpringModels/1.0-SNAPSHOT/SpringModels-1.0-SNAPSHOT.jar:/Users/nraichura/.m2/repository/org/xhtmlrenderer/flying-saucer-pdf-itext5/9.1.22/flying-saucer-pdf-itext5-9.1.22.jar:/Users/nraichura/.m2/repository/com/itextpdf/itextpdf/5.5.12/itextpdf-5.5.12.jar:/Users/nraichura/.m2/repository/org/xhtmlrenderer/flying-saucer-core/9.1.22/flying-saucer-core-9.1.22.jar:/Users/nraichura/.m2/repository/com/sendgrid/sendgrid-java/4.9.3/sendgrid-java-4.9.3.jar:/Users/nraichura/.m2/repository/com/sendgrid/java-http-client/4.5.0/java-http-client-4.5.0.jar:/Users/nraichura/.m2/repository/org/apache/httpcomponents/httpcore/4.4.16/httpcore-4.4.16.jar:/Users/nraichura/.m2/repository/org/apache/httpcomponents/httpclient/4.5.13/httpclient-4.5.13.jar:/Users/nraichura/.m2/repository/commons-logging/commons-logging/1.2/commons-logging-1.2.jar:/Users/nraichura/.m2/repository/com/fasterxml/jackson/core/jackson-core/2.15.3/jackson-core-2.15.3.jar:/Users/nraichura/.m2/repository/org/bouncycastle/bcprov-jdk15on/1.70/bcprov-jdk15on-1.70.jar:/Users/nraichura/.m2/repository/com/fasterxml/jackson/core/jackson-databind/2.15.3/jackson-databind-2.15.3.jar:/Users/nraichura/.m2/repository/org/mindrot/jbcrypt/0.4/jbcrypt-0.4.jar:/Users/nraichura/.m2/repository/org/apache/poi/poi/5.2.5/poi-5.2.5.jar:/Users/nraichura/.m2/repository/commons-codec/commons-codec/1.16.1/commons-codec-1.16.1.jar:/Users/nraichura/.m2/repository/org/apache/commons/commons-collections4/4.4/commons-collections4-4.4.jar:/Users/nraichura/.m2/repository/org/apache/commons/commons-math3/3.6.1/commons-math3-3.6.1.jar:/Users/nraichura/.m2/repository/commons-io/commons-io/2.13.0/commons-io-2.13.0.jar:/Users/nraichura/.m2/repository/com/zaxxer/SparseBitSet/1.3/SparseBitSet-1.3.jar:/Users/nraichura/.m2/repository/org/apache/logging/log4j/log4j-api/2.21.1/log4j-api-2.21.1.jar:/Users/nraichura/.m2/repository/com/nimbusds/nimbus-jose-jwt/9.37.2/nimbus-jose-jwt-9.37.2.jar:/Users/nraichura/.m2/repository/com/github/stephenc/jcip/jcip-annotations/1.0-1/jcip-annotations-1.0-1.jar:/Users/nraichura/.m2/repository/com/squareup/okhttp3/okhttp/4.12.0/okhttp-4.12.0.jar:/Users/nraichura/.m2/repository/com/squareup/okio/okio/3.6.0/okio-3.6.0.jar:/Users/nraichura/.m2/repository/com/squareup/okio/okio-jvm/3.6.0/okio-jvm-3.6.0.jar:/Users/nraichura/.m2/repository/org/jetbrains/kotlin/kotlin-stdlib-common/1.9.21/kotlin-stdlib-common-1.9.21.jar:/Users/nraichura/.m2/repository/org/jetbrains/kotlin/kotlin-stdlib-jdk8/1.9.21/kotlin-stdlib-jdk8-1.9.21.jar:/Users/nraichura/.m2/repository/org/jetbrains/kotlin/kotlin-stdlib/1.9.21/kotlin-stdlib-1.9.21.jar:/Users/nraichura/.m2/repository/org/jetbrains/annotations/13.0/annotations-13.0.jar:/Users/nraichura/.m2/repository/org/jetbrains/kotlin/kotlin-stdlib-jdk7/1.9.21/kotlin-stdlib-jdk7-1.9.21.jar:/Users/nraichura/.m2/repository/com/fasterxml/jackson/datatype/jackson-datatype-jsr310/2.15.3/jackson-datatype-jsr310-2.15.3.jar:/Users/nraichura/.m2/repository/com/fasterxml/jackson/core/jackson-annotations/2.15.3/jackson-annotations-2.15.3.jar:/Users/nraichura/.m2/repository/org/freemarker/freemarker/2.3.32/freemarker-2.3.32.jar:/Users/nraichura/.m2/repository/org/apache/commons/commons-lang3/3.13.0/commons-lang3-3.13.0.jar:/Users/nraichura/.m2/repository/com/google/firebase/firebase-admin/9.3.0/firebase-admin-9.3.0.jar:/Users/nraichura/.m2/repository/com/google/api-client/google-api-client/2.4.0/google-api-client-2.4.0.jar:/Users/nraichura/.m2/repository/com/google/oauth-client/google-oauth-client/1.35.0/google-oauth-client-1.35.0.jar:/Users/nraichura/.m2/repository/com/google/http-client/google-http-client-apache-v2/1.44.1/google-http-client-apache-v2-1.44.1.jar:/Users/nraichura/.m2/repository/com/google/api-client/google-api-client-gson/2.4.0/google-api-client-gson-2.4.0.jar:/Users/nraichura/.m2/repository/com/google/http-client/google-http-client/1.44.1/google-http-client-1.44.1.jar:/Users/nraichura/.m2/repository/com/google/j2objc/j2objc-annotations/2.8/j2objc-annotations-2.8.jar:/Users/nraichura/.m2/repository/io/grpc/grpc-context/1.60.1/grpc-context-1.60.1.jar:/Users/nraichura/.m2/repository/io/opencensus/opencensus-api/0.31.1/opencensus-api-0.31.1.jar:/Users/nraichura/.m2/repository/io/opencensus/opencensus-contrib-http-util/0.31.1/opencensus-contrib-http-util-0.31.1.jar:/Users/nraichura/.m2/repository/com/google/api/api-common/2.31.0/api-common-2.31.0.jar:/Users/nraichura/.m2/repository/javax/annotation/javax.annotation-api/1.3.2/javax.annotation-api-1.3.2.jar:/Users/nraichura/.m2/repository/com/google/cloud/google-cloud-storage/2.38.0/google-cloud-storage-2.38.0.jar:/Users/nraichura/.m2/repository/com/google/guava/failureaccess/1.0.2/failureaccess-1.0.2.jar:/Users/nraichura/.m2/repository/com/google/guava/listenablefuture/9999.0-empty-to-avoid-conflict-with-guava/listenablefuture-9999.0-empty-to-avoid-conflict-with-guava.jar:/Users/nraichura/.m2/repository/com/google/http-client/google-http-client-jackson2/1.44.1/google-http-client-jackson2-1.44.1.jar:/Users/nraichura/.m2/repository/com/google/apis/google-api-services-storage/v1-rev20240319-2.0.0/google-api-services-storage-v1-rev20240319-2.0.0.jar:/Users/nraichura/.m2/repository/com/google/code/gson/gson/2.10.1/gson-2.10.1.jar:/Users/nraichura/.m2/repository/com/google/cloud/google-cloud-core/2.38.0/google-cloud-core-2.38.0.jar:/Users/nraichura/.m2/repository/com/google/cloud/google-cloud-core-http/2.38.0/google-cloud-core-http-2.38.0.jar:/Users/nraichura/.m2/repository/com/google/http-client/google-http-client-appengine/1.44.1/google-http-client-appengine-1.44.1.jar:/Users/nraichura/.m2/repository/com/google/api/gax-httpjson/2.48.0/gax-httpjson-2.48.0.jar:/Users/nraichura/.m2/repository/com/google/cloud/google-cloud-core-grpc/2.38.0/google-cloud-core-grpc-2.38.0.jar:/Users/nraichura/.m2/repository/com/google/api/gax/2.48.0/gax-2.48.0.jar:/Users/nraichura/.m2/repository/com/google/api/gax-grpc/2.48.0/gax-grpc-2.48.0.jar:/Users/nraichura/.m2/repository/io/grpc/grpc-inprocess/1.62.2/grpc-inprocess-1.62.2.jar:/Users/nraichura/.m2/repository/io/grpc/grpc-alts/1.62.2/grpc-alts-1.62.2.jar:/Users/nraichura/.m2/repository/io/grpc/grpc-grpclb/1.62.2/grpc-grpclb-1.62.2.jar:/Users/nraichura/.m2/repository/org/conscrypt/conscrypt-openjdk-uber/2.5.2/conscrypt-openjdk-uber-2.5.2.jar:/Users/nraichura/.m2/repository/io/grpc/grpc-auth/1.62.2/grpc-auth-1.62.2.jar:/Users/nraichura/.m2/repository/com/google/api/grpc/proto-google-iam-v1/1.34.0/proto-google-iam-v1-1.34.0.jar:/Users/nraichura/.m2/repository/com/google/protobuf/protobuf-java/3.25.3/protobuf-java-3.25.3.jar:/Users/nraichura/.m2/repository/com/google/protobuf/protobuf-java-util/3.25.3/protobuf-java-util-3.25.3.jar:/Users/nraichura/.m2/repository/io/grpc/grpc-core/1.62.2/grpc-core-1.62.2.jar:/Users/nraichura/.m2/repository/com/google/android/annotations/4.1.1.4/annotations-4.1.1.4.jar:/Users/nraichura/.m2/repository/org/codehaus/mojo/animal-sniffer-annotations/1.23/animal-sniffer-annotations-1.23.jar:/Users/nraichura/.m2/repository/io/perfmark/perfmark-api/0.27.0/perfmark-api-0.27.0.jar:/Users/nraichura/.m2/repository/io/grpc/grpc-protobuf/1.62.2/grpc-protobuf-1.62.2.jar:/Users/nraichura/.m2/repository/io/grpc/grpc-protobuf-lite/1.62.2/grpc-protobuf-lite-1.62.2.jar:/Users/nraichura/.m2/repository/com/google/api/grpc/proto-google-common-protos/2.39.0/proto-google-common-protos-2.39.0.jar:/Users/nraichura/.m2/repository/org/threeten/threetenbp/1.6.9/threetenbp-1.6.9.jar:/Users/nraichura/.m2/repository/com/google/api/grpc/proto-google-cloud-storage-v2/2.38.0-alpha/proto-google-cloud-storage-v2-2.38.0-alpha.jar:/Users/nraichura/.m2/repository/com/google/api/grpc/grpc-google-cloud-storage-v2/2.38.0-alpha/grpc-google-cloud-storage-v2-2.38.0-alpha.jar:/Users/nraichura/.m2/repository/com/google/api/grpc/gapic-google-cloud-storage-v2/2.38.0-alpha/gapic-google-cloud-storage-v2-2.38.0-alpha.jar:/Users/nraichura/.m2/repository/io/grpc/grpc-api/1.62.2/grpc-api-1.62.2.jar:/Users/nraichura/.m2/repository/io/grpc/grpc-netty-shaded/1.62.2/grpc-netty-shaded-1.62.2.jar:/Users/nraichura/.m2/repository/io/grpc/grpc-util/1.62.2/grpc-util-1.62.2.jar:/Users/nraichura/.m2/repository/io/grpc/grpc-stub/1.62.2/grpc-stub-1.62.2.jar:/Users/nraichura/.m2/repository/io/grpc/grpc-googleapis/1.62.2/grpc-googleapis-1.62.2.jar:/Users/nraichura/.m2/repository/org/checkerframework/checker-qual/3.42.0/checker-qual-3.42.0.jar:/Users/nraichura/.m2/repository/io/grpc/grpc-xds/1.62.2/grpc-xds-1.62.2.jar:/Users/nraichura/.m2/repository/io/opencensus/opencensus-proto/0.2.0/opencensus-proto-0.2.0.jar:/Users/nraichura/.m2/repository/io/grpc/grpc-services/1.62.2/grpc-services-1.62.2.jar:/Users/nraichura/.m2/repository/com/google/re2j/re2j/1.7/re2j-1.7.jar:/Users/nraichura/.m2/repository/io/grpc/grpc-rls/1.62.2/grpc-rls-1.62.2.jar:/Users/nraichura/.m2/repository/com/google/cloud/google-cloud-firestore/3.21.1/google-cloud-firestore-3.21.1.jar:/Users/nraichura/.m2/repository/com/google/api/grpc/proto-google-cloud-firestore-v1/3.21.1/proto-google-cloud-firestore-v1-3.21.1.jar:/Users/nraichura/.m2/repository/com/google/cloud/proto-google-cloud-firestore-bundle-v1/3.21.1/proto-google-cloud-firestore-bundle-v1-3.21.1.jar:/Users/nraichura/.m2/repository/io/opencensus/opencensus-contrib-grpc-util/0.31.1/opencensus-contrib-grpc-util-0.31.1.jar:/Users/nraichura/.m2/repository/com/google/guava/guava/33.1.0-jre/guava-33.1.0-jre.jar:/Users/nraichura/.m2/repository/io/netty/netty-codec-http/4.1.104.Final/netty-codec-http-4.1.104.Final.jar:/Users/nraichura/.m2/repository/io/netty/netty-common/4.1.104.Final/netty-common-4.1.104.Final.jar:/Users/nraichura/.m2/repository/io/netty/netty-buffer/4.1.104.Final/netty-buffer-4.1.104.Final.jar:/Users/nraichura/.m2/repository/io/netty/netty-codec/4.1.104.Final/netty-codec-4.1.104.Final.jar:/Users/nraichura/.m2/repository/io/netty/netty-handler/4.1.104.Final/netty-handler-4.1.104.Final.jar:/Users/nraichura/.m2/repository/io/netty/netty-resolver/4.1.104.Final/netty-resolver-4.1.104.Final.jar:/Users/nraichura/.m2/repository/io/netty/netty-transport-native-unix-common/4.1.104.Final/netty-transport-native-unix-common-4.1.104.Final.jar:/Users/nraichura/.m2/repository/io/netty/netty-transport/4.1.104.Final/netty-transport-4.1.104.Final.jar:/Users/nraichura/.m2/repository/com/google/auth/google-auth-library-oauth2-http/1.25.0/google-auth-library-oauth2-http-1.25.0.jar:/Users/nraichura/.m2/repository/com/google/auto/value/auto-value-annotations/1.11.0/auto-value-annotations-1.11.0.jar:/Users/nraichura/.m2/repository/com/google/code/findbugs/jsr305/3.0.2/jsr305-3.0.2.jar:/Users/nraichura/.m2/repository/com/google/auth/google-auth-library-credentials/1.25.0/google-auth-library-credentials-1.25.0.jar:/Users/nraichura/.m2/repository/com/google/http-client/google-http-client-gson/1.45.0/google-http-client-gson-1.45.0.jar:/Users/nraichura/.m2/repository/com/google/errorprone/error_prone_annotations/2.31.0/error_prone_annotations-2.31.0.jar:"/>
    <property name="sun.cpu.endian" value="little"/>
    <property name="user.home" value="/Users/nraichura"/>
    <property name="user.language" value="en"/>
    <property name="java.specification.vendor" value="Oracle Corporation"/>
    <property name="java.version.date" value="2024-09-17"/>
    <property name="java.home" value="/usr/local/Cellar/openjdk/23/libexec/openjdk.jdk/Contents/Home"/>
    <property name="file.separator" value="/"/>
    <property name="basedir" value="/Users/nraichura/Desktop/Ultimate Company/SpringFrontEnd"/>
    <property name="java.vm.compressedOopsMode" value="Zero based"/>
    <property name="line.separator" value="&#10;"/>
    <property name="java.vm.specification.vendor" value="Oracle Corporation"/>
    <property name="java.specification.name" value="Java Platform API Specification"/>
    <property name="FILE_LOG_CHARSET" value="UTF-8"/>
    <property name="java.awt.headless" value="true"/>
    <property name="apple.awt.application.name" value="ForkedBooter"/>
    <property name="surefire.real.class.path" value="/Users/nraichura/Desktop/Ultimate Company/SpringFrontEnd/target/surefire/surefirebooter-20241018174732337_3.jar"/>
    <property name="sun.management.compiler" value="HotSpot 64-Bit Tiered Compilers"/>
    <property name="java.runtime.version" value="23"/>
    <property name="user.name" value="nraichura"/>
    <property name="stdout.encoding" value="UTF-8"/>
    <property name="path.separator" value=":"/>
    <property name="os.version" value="14.5"/>
    <property name="java.runtime.name" value="OpenJDK Runtime Environment"/>
    <property name="file.encoding" value="UTF-8"/>
    <property name="java.vm.name" value="OpenJDK 64-Bit Server VM"/>
    <property name="java.vendor.version" value="Homebrew"/>
    <property name="localRepository" value="/Users/nraichura/.m2/repository"/>
    <property name="java.vendor.url.bug" value="https://github.com/Homebrew/homebrew-core/issues"/>
    <property name="java.io.tmpdir" value="/var/folders/h7/2j2yjbcd36z83g33s1_vbw040000gn/T/"/>
    <property name="java.version" value="23"/>
    <property name="user.dir" value="/Users/nraichura/Desktop/Ultimate Company/SpringFrontEnd"/>
    <property name="os.arch" value="x86_64"/>
    <property name="java.vm.specification.name" value="Java Virtual Machine Specification"/>
    <property name="PID" value="34216"/>
    <property name="CONSOLE_LOG_CHARSET" value="UTF-8"/>
    <property name="native.encoding" value="UTF-8"/>
    <property name="java.library.path" value="/Users/nraichura/Library/Java/Extensions:/Library/Java/Extensions:/Network/Library/Java/Extensions:/System/Library/Java/Extensions:/usr/lib/java:."/>
    <property name="java.vm.info" value="mixed mode, sharing"/>
    <property name="stderr.encoding" value="UTF-8"/>
    <property name="java.vendor" value="Homebrew"/>
    <property name="java.vm.version" value="23"/>
    <property name="sun.io.unicode.encoding" value="UnicodeBig"/>
    <property name="java.class.version" value="67.0"/>
  </properties>
  <testcase name="contextLoads" classname="org.example.springfrontend.SpringFrontendApplicationTests" time="0.465">
    <system-out><![CDATA[17:47:33.437 [main] INFO org.springframework.test.context.support.AnnotationConfigContextLoaderUtils -- Could not detect default configuration classes for test class [org.example.springfrontend.SpringFrontendApplicationTests]: SpringFrontendApplicationTests does not declare any static, non-private, non-final, nested classes annotated with @Configuration.
17:47:33.574 [main] INFO org.springframework.boot.test.context.SpringBootTestContextBootstrapper -- Found @SpringBootConfiguration org.example.springfrontend.SpringFrontendApplication for test class org.example.springfrontend.SpringFrontendApplicationTests

  .   ____          _            __ _ _
 /\\ / ___'_ __ _ _(_)_ __  __ _ \ \ \ \
( ( )\___ | '_ | '_| | '_ \/ _` | \ \ \ \
 \\/  ___)| |_)| | | | | || (_| |  ) ) ) )
  '  |____| .__|_| |_|_| |_\__, | / / / /
 =========|_|==============|___/=/_/_/_/
&amp#27;[32m :: Spring Boot :: &amp#27;[39m              &amp#27;[2m (v3.2.4)&amp#27;[0;39m

&amp#27;[2m2024-10-18T17:47:33.992-04:00&amp#27;[0;39m &amp#27;[32m INFO&amp#27;[0;39m &amp#27;[35m34216&amp#27;[0;39m &amp#27;[2m---&amp#27;[0;39m &amp#27;[2m[           main]&amp#27;[0;39m &amp#27;[2m&amp#27;[0;39m&amp#27;[36mo.e.s.SpringFrontendApplicationTests    &amp#27;[0;39m &amp#27;[2m:&amp#27;[0;39m Starting SpringFrontendApplicationTests using Java 23 with PID 34216 (started by nraichura in /Users/nraichura/Desktop/Ultimate Company/SpringFrontEnd)
&amp#27;[2m2024-10-18T17:47:33.995-04:00&amp#27;[0;39m &amp#27;[32m INFO&amp#27;[0;39m &amp#27;[35m34216&amp#27;[0;39m &amp#27;[2m---&amp#27;[0;39m &amp#27;[2m[           main]&amp#27;[0;39m &amp#27;[2m&amp#27;[0;39m&amp#27;[36mo.e.s.SpringFrontendApplicationTests    &amp#27;[0;39m &amp#27;[2m:&amp#27;[0;39m No active profile set, falling back to 1 default profile: "default"
&amp#27;[2m2024-10-18T17:47:36.136-04:00&amp#27;[0;39m &amp#27;[32m INFO&amp#27;[0;39m &amp#27;[35m34216&amp#27;[0;39m &amp#27;[2m---&amp#27;[0;39m &amp#27;[2m[           main]&amp#27;[0;39m &amp#27;[2m&amp#27;[0;39m&amp#27;[36mcom.vaadin.flow.server.Platform         &amp#27;[0;39m &amp#27;[2m:&amp#27;[0;39m Unable to determine Hilla version. No META-INF/maven/dev.hilla/hilla/pom.properties found
&amp#27;[2m2024-10-18T17:47:36.182-04:00&amp#27;[0;39m &amp#27;[32m INFO&amp#27;[0;39m &amp#27;[35m34216&amp#27;[0;39m &amp#27;[2m---&amp#27;[0;39m &amp#27;[2m[           main]&amp#27;[0;39m &amp#27;[2m&amp#27;[0;39m&amp#27;[36morg.atmosphere.cpr.AtmosphereFramework  &amp#27;[0;39m &amp#27;[2m:&amp#27;[0;39m Installed AtmosphereHandler dev.hilla.push.PushEndpoint mapped to context-path: /HILLA/push
&amp#27;[2m2024-10-18T17:47:36.183-04:00&amp#27;[0;39m &amp#27;[32m INFO&amp#27;[0;39m &amp#27;[35m34216&amp#27;[0;39m &amp#27;[2m---&amp#27;[0;39m &amp#27;[2m[           main]&amp#27;[0;39m &amp#27;[2m&amp#27;[0;39m&amp#27;[36morg.atmosphere.cpr.AtmosphereFramework  &amp#27;[0;39m &amp#27;[2m:&amp#27;[0;39m Installed the following AtmosphereInterceptor mapped to AtmosphereHandler dev.hilla.push.PushEndpoint
&amp#27;[2m2024-10-18T17:47:36.184-04:00&amp#27;[0;39m &amp#27;[32m INFO&amp#27;[0;39m &amp#27;[35m34216&amp#27;[0;39m &amp#27;[2m---&amp#27;[0;39m &amp#27;[2m[           main]&amp#27;[0;39m &amp#27;[2m&amp#27;[0;39m&amp#27;[36morg.atmosphere.cpr.AtmosphereFramework  &amp#27;[0;39m &amp#27;[2m:&amp#27;[0;39m 	org.atmosphere.interceptor.AtmosphereResourceLifecycleInterceptor : Atmosphere LifeCycle
&amp#27;[2m2024-10-18T17:47:36.184-04:00&amp#27;[0;39m &amp#27;[32m INFO&amp#27;[0;39m &amp#27;[35m34216&amp#27;[0;39m &amp#27;[2m---&amp#27;[0;39m &amp#27;[2m[           main]&amp#27;[0;39m &amp#27;[2m&amp#27;[0;39m&amp#27;[36morg.atmosphere.cpr.AtmosphereFramework  &amp#27;[0;39m &amp#27;[2m:&amp#27;[0;39m 	org.atmosphere.client.TrackMessageSizeInterceptor :  Track Message Size Interceptor using |
&amp#27;[2m2024-10-18T17:47:36.184-04:00&amp#27;[0;39m &amp#27;[32m INFO&amp#27;[0;39m &amp#27;[35m34216&amp#27;[0;39m &amp#27;[2m---&amp#27;[0;39m &amp#27;[2m[           main]&amp#27;[0;39m &amp#27;[2m&amp#27;[0;39m&amp#27;[36morg.atmosphere.cpr.AtmosphereFramework  &amp#27;[0;39m &amp#27;[2m:&amp#27;[0;39m 	org.atmosphere.interceptor.SuspendTrackerInterceptor : UUID Tracking Interceptor
&amp#27;[2m2024-10-18T17:47:36.286-04:00&amp#27;[0;39m &amp#27;[32m INFO&amp#27;[0;39m &amp#27;[35m34216&amp#27;[0;39m &amp#27;[2m---&amp#27;[0;39m &amp#27;[2m[           main]&amp#27;[0;39m &amp#27;[2m&amp#27;[0;39m&amp#27;[36mo.e.s.SpringFrontendApplicationTests    &amp#27;[0;39m &amp#27;[2m:&amp#27;[0;39m Started SpringFrontendApplicationTests in 2.564 seconds (process running for 3.816)
]]></system-out>
  </testcase>
</testsuite>